<?xml version="1.0" encoding="UTF-8"?>
<!-- Generated by org.testng.reporters.JUnitReportReporter -->
<testsuite skipped="0" hostname="DESKTOP-63ITJU5" name="com.zigwheels.testupcomingbikes.UpcomingBikesTest" tests="4" failures="0" timestamp="03 Apr 2021 07:18:35 GMT" time="152.591" errors="0">
  <testcase name="Test1" time="32.440" classname="com.zigwheels.testupcomingbikes.UpcomingBikesTest"/>
  <testcase name="Test2" time="45.391" classname="com.zigwheels.testupcomingbikes.UpcomingBikesTest"/>
  <testcase name="Test3" time="39.263" classname="com.zigwheels.testupcomingbikes.UpcomingBikesTest"/>
  <testcase name="Test4" time="35.497" classname="com.zigwheels.testupcomingbikes.UpcomingBikesTest"/>
</testsuite> <!-- com.zigwheels.testupcomingbikes.UpcomingBikesTest -->
