<?xml version="1.0" encoding="UTF-8"?>
<!-- Generated by org.testng.reporters.JUnitReportReporter -->
<testsuite skipped="0" hostname="DESKTOP-63ITJU5" name="com.zigwheels.UsedCars.UsedCarsTest" tests="3" failures="0" timestamp="03 Apr 2021 07:18:35 GMT" time="100.430" errors="0">
  <testcase name="extractUsedCarsModel1" time="44.354" classname="com.zigwheels.UsedCars.UsedCarsTest"/>
  <testcase name="extractUsedCarsModel2" time="37.114" classname="com.zigwheels.UsedCars.UsedCarsTest"/>
  <testcase name="extractUsedCarsModel3" time="18.962" classname="com.zigwheels.UsedCars.UsedCarsTest"/>
</testsuite> <!-- com.zigwheels.UsedCars.UsedCarsTest -->
